0 verbose cli /media/data/t151232/.nvm/versions/node/v22.6.0/bin/node /home/t151232/.nvm/versions/node/v22.6.0/bin/npm
1 info using npm@10.8.2
2 info using node@v22.6.0
3 silly config load:file:/media/data/t151232/.nvm/versions/node/v22.6.0/lib/node_modules/npm/npmrc
4 silly config load:file:/home/t151232/cv/languages-sdk/typescript/native/.npmrc
5 silly config load:file:/home/t151232/.npmrc
6 silly config load:file:/media/data/t151232/.nvm/versions/node/v22.6.0/etc/npmrc
7 verbose title npm pack
8 verbose argv "pack"
9 verbose logfile logs-max:10 dir:/home/t151232/cv/languages-sdk/typescript/native/.npm-cache/_logs/2026-03-14T13_19_49_696Z-
10 verbose logfile /home/t151232/cv/languages-sdk/typescript/native/.npm-cache/_logs/2026-03-14T13_19_49_696Z-debug-0.log
11 silly logfile done cleaning log files
12 http fetch GET https://registry.npmjs.org/npm attempt 1 failed with EAI_AGAIN
13 silly packumentCache heap:4345298944 maxSize:1086324736 maxEntrySize:543162368
14 notice
15 notice 📦  dilithium-sdk-node-crypto@0.3.0
16 notice Tarball Contents
17 notice 1.1kB README.md
17 notice 1.8kB index.d.ts
17 notice 10.2kB index.js
17 notice 1.0MB index.linux-x64-gnu.node
17 notice 536B package.json
18 notice Tarball Details
19 notice name: dilithium-sdk-node-crypto
20 notice version: 0.3.0
21 notice filename: dilithium-sdk-node-crypto-0.3.0.tgz
22 notice package size: 397.7 kB
23 notice unpacked size: 1.0 MB
24 notice shasum: d8a11a8f3e5b1bf55aba5656e2bebc7e6ed758c2
25 notice integrity: sha512-8WajU3qIdqiUJ[...]oc2IA66D2QnlA==
26 notice total files: 5
27 notice
28 verbose cwd /home/t151232/cv/languages-sdk/typescript/native
29 verbose os Linux 5.15.0-139-generic
30 verbose node v22.6.0
31 verbose npm  v10.8.2
32 verbose exit 0
33 info ok
