0 verbose cli /usr/bin/node /usr/bin/npm
1 info using npm@9.2.0
2 info using node@v18.20.4
3 timing npm:load:whichnode Completed in 0ms
4 timing config:load:defaults Completed in 2ms
5 timing config:load:file:/usr/share/nodejs/npm/npmrc Completed in 5ms
6 timing config:load:builtin Completed in 5ms
7 timing config:load:cli Completed in 1ms
8 timing config:load:env Completed in 1ms
9 timing config:load:file:/workspace-root/languages-sdk/typescript/native/.npmrc Completed in 0ms
10 timing config:load:project Completed in 4ms
11 timing config:load:file:/root/.npmrc Completed in 0ms
12 timing config:load:user Completed in 0ms
13 timing config:load:file:/etc/npmrc Completed in 0ms
14 timing config:load:global Completed in 0ms
15 timing config:load:setEnvs Completed in 1ms
16 timing config:load Completed in 15ms
17 timing npm:load:configload Completed in 15ms
18 timing npm:load:mkdirpcache Completed in 1ms
19 timing npm:load:mkdirplogs Completed in 0ms
20 verbose title npm pack
21 verbose argv "pack"
22 timing npm:load:setTitle Completed in 1ms
23 timing config:load:flatten Completed in 4ms
24 timing npm:load:display Completed in 5ms
25 verbose logfile logs-max:10 dir:/workspace-root/languages-sdk/typescript/native/.npm-cache/_logs/2026-03-14T13_43_25_333Z-
26 verbose logfile /workspace-root/languages-sdk/typescript/native/.npm-cache/_logs/2026-03-14T13_43_25_333Z-debug-0.log
27 timing npm:load:logFile Completed in 6ms
28 timing npm:load:timers Completed in 0ms
29 timing npm:load:configScope Completed in 0ms
30 timing npm:load Completed in 29ms
31 silly logfile done cleaning log files
32 timing config:load:flatten Completed in 1ms
33 timing arborist:ctor Completed in 1ms
34 timing arborist:ctor Completed in 0ms
35 notice
36 notice package: dilithium-sdk-node-crypto@0.3.0
37 notice === Tarball Contents ===
38 notice 1.2kB  README.md               
38 notice 1.8kB  index.d.ts              
38 notice 10.2kB index.js                
38 notice 1.0MB  index.linux-x64-gnu.node
38 notice 536B   package.json            
39 notice === Tarball Details ===
40 notice name:          dilithium-sdk-node-crypto               
40 notice version:       0.3.0                                   
40 notice filename:      dilithium-sdk-node-crypto-0.3.0.tgz     
40 notice package size:  382.6 kB                                
40 notice unpacked size: 1.0 MB                                  
40 notice shasum:        83cf054afea7e0257f8ce52b5e9e07869f52b84a
40 notice integrity:     sha512-1sqhwlOHctSUi[...]fuQjReTCSXXrw==
40 notice total files:   5                                       
41 notice
42 timing command:pack Completed in 252ms
43 verbose exit 0
44 timing npm Completed in 299ms
45 info ok
